[24-Apr-2018 06:16:45 UTC] PHP Fatal error:  Call to undefined function Redirect() in /home/ubuntu/workspace/Controllers/booking.php on line 6
[24-Apr-2018 06:16:45 UTC] PHP Stack trace:
[24-Apr-2018 06:16:45 UTC] PHP   1. {main}() /home/ubuntu/workspace/Controllers/booking.php:0
[24-Apr-2018 06:19:45 UTC] PHP Parse error:  syntax error, unexpected 'static' (T_STATIC), expecting '(' in /home/ubuntu/workspace/includes/base.php on line 2
[24-Apr-2018 06:19:45 UTC] PHP Stack trace:
[24-Apr-2018 06:19:45 UTC] PHP   1. {main}() /home/ubuntu/workspace/Controllers/booking.php:0
[24-Apr-2018 06:20:15 UTC] PHP Parse error:  syntax error, unexpected 'public' (T_PUBLIC) in /home/ubuntu/workspace/includes/base.php on line 2
[24-Apr-2018 06:20:15 UTC] PHP Stack trace:
[24-Apr-2018 06:20:15 UTC] PHP   1. {main}() /home/ubuntu/workspace/Controllers/booking.php:0
[24-Apr-2018 06:20:27 UTC] PHP Parse error:  syntax error, unexpected 'Redirect' (T_STRING), expecting '(' in /home/ubuntu/workspace/includes/base.php on line 2
[24-Apr-2018 06:20:27 UTC] PHP Stack trace:
[24-Apr-2018 06:20:27 UTC] PHP   1. {main}() /home/ubuntu/workspace/Controllers/booking.php:0
[22-May-2018 06:02:33 UTC] PHP Warning:  Creating default object from empty value in /home/ubuntu/workspace/Controllers/roomdate.php on line 10
[22-May-2018 06:02:33 UTC] PHP Stack trace:
[22-May-2018 06:02:33 UTC] PHP   1. {main}() /home/ubuntu/workspace/Controllers/roomdate.php:0
[22-May-2018 06:03:00 UTC] PHP Warning:  Creating default object from empty value in /home/ubuntu/workspace/Controllers/roomdate.php on line 10
[22-May-2018 06:03:00 UTC] PHP Stack trace:
[22-May-2018 06:03:00 UTC] PHP   1. {main}() /home/ubuntu/workspace/Controllers/roomdate.php:0
[22-May-2018 06:04:31 UTC] PHP Warning:  Creating default object from empty value in /home/ubuntu/workspace/Controllers/roomdate.php on line 10
[22-May-2018 06:04:31 UTC] PHP Stack trace:
[22-May-2018 06:04:31 UTC] PHP   1. {main}() /home/ubuntu/workspace/Controllers/roomdate.php:0
[22-May-2018 06:14:13 UTC] PHP Warning:  date_format() expects parameter 1 to be DateTimeInterface, null given in /home/ubuntu/workspace/Controllers/roomdate.php on line 14
[22-May-2018 06:14:13 UTC] PHP Stack trace:
[22-May-2018 06:14:13 UTC] PHP   1. {main}() /home/ubuntu/workspace/Controllers/roomdate.php:0
[22-May-2018 06:14:13 UTC] PHP   2. date_format() /home/ubuntu/workspace/Controllers/roomdate.php:14
[22-May-2018 06:14:29 UTC] PHP Warning:  date_format() expects parameter 1 to be DateTimeInterface, null given in /home/ubuntu/workspace/Controllers/roomdate.php on line 14
[22-May-2018 06:14:29 UTC] PHP Stack trace:
[22-May-2018 06:14:29 UTC] PHP   1. {main}() /home/ubuntu/workspace/Controllers/roomdate.php:0
[22-May-2018 06:14:29 UTC] PHP   2. date_format() /home/ubuntu/workspace/Controllers/roomdate.php:14
[22-May-2018 06:15:30 UTC] PHP Fatal error:  Class 'Date' not found in /home/ubuntu/workspace/Controllers/roomdate.php on line 13
[22-May-2018 06:15:30 UTC] PHP Stack trace:
[22-May-2018 06:15:30 UTC] PHP   1. {main}() /home/ubuntu/workspace/Controllers/roomdate.php:0
[18-Jun-2018 02:17:20 UTC] PHP Fatal error:  Class 'Controller' not found in /home/ubuntu/workspace/controllers/reservations.php on line 2
[18-Jun-2018 02:17:20 UTC] PHP Stack trace:
[18-Jun-2018 02:17:20 UTC] PHP   1. {main}() /home/ubuntu/workspace/controllers/reservations.php:0
[18-Jun-2018 02:18:34 UTC] PHP Fatal error:  Class 'Controller' not found in /home/ubuntu/workspace/controllers/reservations.php on line 2
[18-Jun-2018 02:18:34 UTC] PHP Stack trace:
[18-Jun-2018 02:18:34 UTC] PHP   1. {main}() /home/ubuntu/workspace/controllers/reservations.php:0
[18-Jun-2018 02:19:55 UTC] PHP Fatal error:  Class 'Controller' not found in /home/ubuntu/workspace/controllers/reservations.php on line 2
[18-Jun-2018 02:19:55 UTC] PHP Stack trace:
[18-Jun-2018 02:19:55 UTC] PHP   1. {main}() /home/ubuntu/workspace/controllers/reservations.php:0
[18-Jun-2018 02:21:59 UTC] PHP Fatal error:  Class 'Controller' not found in /home/ubuntu/workspace/controllers/reservations.php on line 2
[18-Jun-2018 02:21:59 UTC] PHP Stack trace:
[18-Jun-2018 02:21:59 UTC] PHP   1. {main}() /home/ubuntu/workspace/controllers/reservations.php:0
[18-Jun-2018 02:24:19 UTC] PHP Fatal error:  Class 'Controller' not found in /home/ubuntu/workspace/controllers/reservations.php on line 2
[18-Jun-2018 02:24:19 UTC] PHP Stack trace:
[18-Jun-2018 02:24:19 UTC] PHP   1. {main}() /home/ubuntu/workspace/controllers/reservations.php:0
[18-Jun-2018 02:27:10 UTC] PHP Parse error:  syntax error, unexpected '.' in /home/ubuntu/workspace/controllers/reservations.php on line 2
[18-Jun-2018 02:33:55 UTC] PHP Warning:  include(classes/Controller.php): failed to open stream: No such file or directory in /home/ubuntu/workspace/controllers/reservations.php on line 2
[18-Jun-2018 02:33:55 UTC] PHP Stack trace:
[18-Jun-2018 02:33:55 UTC] PHP   1. {main}() /home/ubuntu/workspace/controllers/reservations.php:0
[18-Jun-2018 02:33:55 UTC] PHP Warning:  include(): Failed opening 'classes/Controller.php' for inclusion (include_path='.:/usr/share/php:/usr/share/pear') in /home/ubuntu/workspace/controllers/reservations.php on line 2
[18-Jun-2018 02:33:55 UTC] PHP Stack trace:
[18-Jun-2018 02:33:55 UTC] PHP   1. {main}() /home/ubuntu/workspace/controllers/reservations.php:0
[18-Jun-2018 02:33:55 UTC] PHP Fatal error:  Class 'Controller' not found in /home/ubuntu/workspace/controllers/reservations.php on line 3
[18-Jun-2018 02:33:55 UTC] PHP Stack trace:
[18-Jun-2018 02:33:55 UTC] PHP   1. {main}() /home/ubuntu/workspace/controllers/reservations.php:0
[18-Jun-2018 02:35:10 UTC] PHP Fatal error:  Class 'Controller' not found in /home/ubuntu/workspace/controllers/reservations.php on line 2
[18-Jun-2018 02:35:10 UTC] PHP Stack trace:
[18-Jun-2018 02:35:10 UTC] PHP   1. {main}() /home/ubuntu/workspace/controllers/reservations.php:0
[18-Jun-2018 02:42:48 UTC] PHP Fatal error:  Class 'Controller' not found in /home/ubuntu/workspace/controllers/reservations.php on line 2
[18-Jun-2018 02:42:48 UTC] PHP Stack trace:
[18-Jun-2018 02:42:48 UTC] PHP   1. {main}() /home/ubuntu/workspace/controllers/reservations.php:0
[18-Jun-2018 02:58:17 UTC] PHP Fatal error:  Class 'Controller' not found in /home/ubuntu/workspace/controllers/reservations.php on line 2
[18-Jun-2018 02:58:17 UTC] PHP Stack trace:
[18-Jun-2018 02:58:17 UTC] PHP   1. {main}() /home/ubuntu/workspace/controllers/reservations.php:0
[18-Jun-2018 03:15:22 UTC] PHP Fatal error:  Class 'Controller' not found in /home/ubuntu/workspace/controllers/reservations.php on line 2
[18-Jun-2018 03:15:22 UTC] PHP Stack trace:
[18-Jun-2018 03:15:22 UTC] PHP   1. {main}() /home/ubuntu/workspace/controllers/reservations.php:0
